nohup: ignoring input
[2026-03-22 23:16:15,509][__main__][INFO] - Config:
geometry:
  name: icp_reactor
  chamber:
    radius: 0.175
    height: 0.35
    faraday_shield: true
    shield_gap: 0.003
  coil:
    type: multi_turn
    n_turns: 5
    inner_radius: 0.1
    outer_radius: 0.14
    pitch: 0.025
    frequency: 13560000.0
  plasma:
    conductivity_model: radial_polynomial
    c0: 12.0
    c1: -30.0
    c2: 40.0
  domain:
    n_interior: 16384
    n_boundary: 4096
    n_interface: 2048
network:
  name: fourier_net
  architecture: FourierNetArch
  n_input: 8
  n_output: 4
  layer_size: 512
  n_layers: 8
  frequencies:
  - 1
  - 2
  - 4
  - 8
  - 16
  frequencies_params:
  - 1
  - 2
  - 4
  activation_fn: silu
  skip_connections: true
physics:
  name: maxwell_te
  mode: TE
  equations:
  - curl_curl_E
  - gauss_law
  pde_loss_weight: 1.0
bc:
  name: hard
  method: ansatz
  delta: 0.005
  bc_loss_weight: 0.0
experiment:
  name: finetune_icp
  seed: 42
  output_dir: outputs/finetune_icp
training:
  max_epochs: 5000
  lr: 0.0001
  lr_decay: 0.95
  lr_decay_steps: 1000
  batch_size: 2048
  log_every: 500
  save_every: 2000
transfer:
  enabled: true
  checkpoint: outputs/pretrain_cylinder/ckpt_best.pt
  frozen_blocks: 6
mlflow:
  tracking_uri: mlruns
  experiment_name: ${experiment.name}

[2026-03-22 23:16:15,612][__main__][INFO] - Device: cuda
[2026-03-22 23:16:15,719][__main__][INFO] - GPU: NVIDIA A30
/home/gxg8313/.venv/pinn/lib/python3.11/site-packages/mlflow/tracking/_tracking_service/utils.py:184: FutureWarning: The filesystem tracking backend (e.g., './mlruns') is deprecated as of February 2026. Consider transitioning to a database backend (e.g., 'sqlite:///mlflow.db') to take advantage of the latest MLflow features. See https://mlflow.org/docs/latest/self-hosting/migrate-from-file-store for migration guidance.
  return FileStore(store_uri, store_uri)
2026/03/22 23:16:16 INFO mlflow.tracking.fluent: Experiment with name 'finetune_icp' does not exist. Creating a new experiment.
[2026-03-22 23:16:17,956][__main__][INFO] - Network: 1,592,836 params
[2026-03-22 23:16:18,222][src.transfer][INFO] - Loaded checkpoint from outputs/pretrain_cylinder/ckpt_best.pt
[2026-03-22 23:16:18,223][src.transfer][INFO] - Froze blocks 0–5 of 8 (6 frozen, 2 trainable)
[2026-03-22 23:16:18,223][src.transfer][INFO] - Parameters — total: 1,592,836  trainable: 264,708  frozen: 1,328,128  (16.6% active)
[2026-03-22 23:16:19,829][src.transfer][INFO] - Checkpoint saved → outputs/finetune_icp/ckpt_best.pt  (epoch 1, loss 5.7208e-02)
[2026-03-22 23:16:22,719][src.transfer][INFO] - Checkpoint saved → outputs/finetune_icp/ckpt_best.pt  (epoch 21, loss 2.6896e-02)
[2026-03-22 23:16:23,439][src.transfer][INFO] - Checkpoint saved → outputs/finetune_icp/ckpt_best.pt  (epoch 25, loss 1.4112e-02)
[2026-03-22 23:16:24,704][src.transfer][INFO] - Checkpoint saved → outputs/finetune_icp/ckpt_best.pt  (epoch 33, loss 3.9283e-03)
[2026-03-22 23:16:28,852][src.transfer][INFO] - Checkpoint saved → outputs/finetune_icp/ckpt_best.pt  (epoch 62, loss 2.6316e-03)
[2026-03-22 23:16:30,519][src.transfer][INFO] - Checkpoint saved → outputs/finetune_icp/ckpt_best.pt  (epoch 73, loss 2.6149e-03)
[2026-03-22 23:16:32,581][src.transfer][INFO] - Checkpoint saved → outputs/finetune_icp/ckpt_best.pt  (epoch 87, loss 2.4352e-03)
[2026-03-22 23:16:48,935][src.transfer][INFO] - Checkpoint saved → outputs/finetune_icp/ckpt_best.pt  (epoch 205, loss 1.6797e-03)
[2026-03-22 23:17:29,387][__main__][INFO] - epoch    500 | loss 4.4939e-02 (pde 4.4939e-02, bc 0.0000e+00) | lr 1.00e-04
[2026-03-22 23:18:37,978][__main__][INFO] - epoch   1000 | loss 1.6516e-02 (pde 1.6516e-02, bc 0.0000e+00) | lr 9.50e-05
[2026-03-22 23:19:46,456][__main__][INFO] - epoch   1500 | loss 4.2509e-02 (pde 4.2509e-02, bc 0.0000e+00) | lr 9.50e-05
[2026-03-22 23:20:55,090][__main__][INFO] - epoch   2000 | loss 1.6282e-02 (pde 1.6282e-02, bc 0.0000e+00) | lr 9.02e-05
[2026-03-22 23:20:55,305][src.transfer][INFO] - Checkpoint saved → outputs/finetune_icp/ckpt_002000.pt  (epoch 2000, loss 1.6282e-02)
[2026-03-22 23:22:03,696][__main__][INFO] - epoch   2500 | loss 1.2003e-02 (pde 1.2003e-02, bc 0.0000e+00) | lr 9.02e-05
[2026-03-22 23:23:12,190][__main__][INFO] - epoch   3000 | loss 1.1148e-02 (pde 1.1148e-02, bc 0.0000e+00) | lr 8.57e-05
[2026-03-22 23:24:20,642][__main__][INFO] - epoch   3500 | loss 1.2471e-02 (pde 1.2471e-02, bc 0.0000e+00) | lr 8.57e-05
[2026-03-22 23:25:29,065][__main__][INFO] - epoch   4000 | loss 2.9618e-02 (pde 2.9618e-02, bc 0.0000e+00) | lr 8.15e-05
[2026-03-22 23:25:29,269][src.transfer][INFO] - Checkpoint saved → outputs/finetune_icp/ckpt_004000.pt  (epoch 4000, loss 2.9618e-02)
[2026-03-22 23:26:37,657][__main__][INFO] - epoch   4500 | loss 7.8582e-03 (pde 7.8582e-03, bc 0.0000e+00) | lr 8.15e-05
[2026-03-22 23:27:05,793][src.transfer][INFO] - Checkpoint saved → outputs/finetune_icp/ckpt_best.pt  (epoch 4704, loss 1.6562e-03)
[2026-03-22 23:27:46,311][__main__][INFO] - epoch   5000 | loss 1.6052e-02 (pde 1.6052e-02, bc 0.0000e+00) | lr 7.74e-05
[2026-03-22 23:27:46,443][__main__][INFO] - Training complete. Best loss: 1.6562e-03
